2025-12-03T21:07:26.467+0700	INFO	Starting application
2025-12-03T21:07:26.468+0700	DEBUG	Connecting to database @localhost:3306
2025-12-03T21:07:26.478+0700	DEBUG	Running auto migration
2025-12-03T21:07:26.509+0700	INFO	Extending with Home Tidal Flood Warning
2025-12-03T21:07:26.509+0700	DEBUG	Running additional migrations
2025-12-03T21:07:26.545+0700	INFO	Starting periodic BMKG fetch every 10m0s
2025-12-03T21:07:26.545+0700	INFO	Starting periodic tidal flood fetch every 10m0s
2025-12-03T21:07:26.545+0700	DEBUG	Fetching tidal flood data...
2025-12-03T21:07:26.545+0700	INFO	Synced 0 new tidal flood warnings
2025-12-03T21:07:26.545+0700	INFO	starting api server at :8000
2025-12-03T21:07:27.577+0700	INFO	Synced 19 new alerts from BMKG
2025-12-03T21:07:27.577+0700	INFO	Fetching details for 19 alerts concurrently
2025-12-03T21:07:27.577+0700	DEBUG	Fetching details for alert ID 01KBJ8M6RTJEMZ4JGGTDG0F4XH
2025-12-03T21:07:27.577+0700	DEBUG	Fetching details for alert ID 01KBJ8M6S0A1P5MP0SKKRZEJ5R
2025-12-03T21:07:27.577+0700	DEBUG	Fetching details for alert ID 01KBJ8M6SD5DFR6GXGQCANS7Q5
2025-12-03T21:07:27.577+0700	DEBUG	Fetching details for alert ID 01KBJ8M6SGXDNB9GKGXH64Y7HX
2025-12-03T21:07:27.577+0700	DEBUG	Fetching details for alert ID 01KBJ8M6SMZN3SPQZZ5BE3X4RH
2025-12-03T21:07:27.747+0700	DEBUG	Fetching details for alert ID 01KBJ8M6SQGP6YET28J9E2TD6C
2025-12-03T21:07:27.765+0700	DEBUG	Fetching details for alert ID 01KBJ8M6STN555HCT4YKYC1XCM
2025-12-03T21:07:27.772+0700	DEBUG	Fetching details for alert ID 01KBJ8M6SXJ6BVXE7VQNZ94JF3
2025-12-03T21:07:27.793+0700	DEBUG	Fetching details for alert ID 01KBJ8M6T1CG9FMQ79FNY20F3X
2025-12-03T21:07:27.798+0700	DEBUG	Fetching details for alert ID 01KBJ8M6T5VMQTNE1JE35MYGQY
2025-12-03T21:07:27.913+0700	DEBUG	Fetching details for alert ID 01KBJ8M6T750RRCH1QB73V2Z7B
2025-12-03T21:07:27.925+0700	DEBUG	Fetching details for alert ID 01KBJ8M6T97MXA747NNZQ5B56H
2025-12-03T21:07:27.978+0700	DEBUG	Fetching details for alert ID 01KBJ8M6TCBPBZNW5KKG2334H9
2025-12-03T21:07:28.082+0700	DEBUG	Fetching details for alert ID 01KBJ8M6TETG1ZN99FCS1AY2S5
2025-12-03T21:07:28.091+0700	DEBUG	Fetching details for alert ID 01KBJ8M6TH5XKK2TVW8RK36PFM
2025-12-03T21:07:28.103+0700	DEBUG	Fetching details for alert ID 01KBJ8M6TKTRNZHM6JY34ZCB1H
2025-12-03T21:07:28.146+0700	DEBUG	Fetching details for alert ID 01KBJ8M6TNWP47Q3WK5G6ZGS5A
2025-12-03T21:07:28.271+0700	DEBUG	Fetching details for alert ID 01KBJ8M6TQJM0V4Z15X3EN25J0
2025-12-03T21:07:28.295+0700	DEBUG	Fetching details for alert ID 01KBJ8M6RK5BHMAPZ62A7YZQG3
2025-12-03T21:07:28.603+0700	INFO	Stored 19 alert details
2025-12-03T21:10:43.358+0700	INFO	exit reason: interrupt
2025-12-03T21:10:43.359+0700	INFO	Closing Application
2025-12-03T21:10:43.359+0700	INFO	Waiting for all the processes to finish
2025-12-03T21:10:43.359+0700	WARN	http: Server closed
2025-12-03T21:10:43.359+0700	INFO	Application Closed
2025-12-03T21:10:43.359+0700	INFO	Bye!
2025-12-03T21:16:10.402+0700	INFO	Starting application
2025-12-03T21:16:10.403+0700	DEBUG	Connecting to database @localhost:3306
2025-12-03T21:16:10.414+0700	DEBUG	Running auto migration
2025-12-03T21:16:10.439+0700	INFO	Extending with Home Tidal Flood Warning
2025-12-03T21:16:10.439+0700	DEBUG	Running additional migrations
2025-12-03T21:16:10.466+0700	INFO	Starting periodic BMKG fetch every 10m0s
2025-12-03T21:16:10.466+0700	INFO	Starting periodic tidal flood fetch every 5m0s
2025-12-03T21:16:10.466+0700	DEBUG	Fetching tidal flood data...
2025-12-03T21:16:10.466+0700	INFO	Synced 0 new tidal flood warnings
2025-12-03T21:16:10.466+0700	INFO	starting api server at :8000
2025-12-03T21:16:14.519+0700	INFO	Synced 0 new alerts from BMKG
2025-12-03T21:16:14.519+0700	INFO	Fetching details for 19 alerts concurrently
2025-12-03T21:16:14.519+0700	DEBUG	Fetching details for alert ID 01KBJ8M6RTJEMZ4JGGTDG0F4XH
2025-12-03T21:16:14.519+0700	DEBUG	Fetching details for alert ID 01KBJ8M6RK5BHMAPZ62A7YZQG3
2025-12-03T21:16:14.519+0700	DEBUG	Fetching details for alert ID 01KBJ8M6SD5DFR6GXGQCANS7Q5
2025-12-03T21:16:14.519+0700	DEBUG	Fetching details for alert ID 01KBJ8M6T750RRCH1QB73V2Z7B
2025-12-03T21:16:14.519+0700	DEBUG	Fetching details for alert ID 01KBJ8M6S0A1P5MP0SKKRZEJ5R
2025-12-03T21:16:14.703+0700	DEBUG	Fetching details for alert ID 01KBJ8M6T97MXA747NNZQ5B56H
2025-12-03T21:16:14.715+0700	DEBUG	Fetching details for alert ID 01KBJ8M6TCBPBZNW5KKG2334H9
2025-12-03T21:16:14.785+0700	DEBUG	Fetching details for alert ID 01KBJ8M6TETG1ZN99FCS1AY2S5
2025-12-03T21:16:14.789+0700	DEBUG	Fetching details for alert ID 01KBJ8M6TH5XKK2TVW8RK36PFM
2025-12-03T21:16:14.919+0700	DEBUG	Fetching details for alert ID 01KBJ8M6TKTRNZHM6JY34ZCB1H
2025-12-03T21:16:14.980+0700	DEBUG	Fetching details for alert ID 01KBJ8M6TNWP47Q3WK5G6ZGS5A
2025-12-03T21:16:14.992+0700	DEBUG	Fetching details for alert ID 01KBJ8M6TQJM0V4Z15X3EN25J0
2025-12-03T21:16:15.042+0700	DEBUG	Fetching details for alert ID 01KBJ8M6STN555HCT4YKYC1XCM
2025-12-03T21:16:15.048+0700	DEBUG	Fetching details for alert ID 01KBJ8M6SGXDNB9GKGXH64Y7HX
2025-12-03T21:16:15.251+0700	DEBUG	Fetching details for alert ID 01KBJ8M6SMZN3SPQZZ5BE3X4RH
2025-12-03T21:16:15.258+0700	DEBUG	Fetching details for alert ID 01KBJ8M6SQGP6YET28J9E2TD6C
2025-12-03T21:16:15.293+0700	DEBUG	Fetching details for alert ID 01KBJ8M6T1CG9FMQ79FNY20F3X
2025-12-03T21:16:15.294+0700	DEBUG	Fetching details for alert ID 01KBJ8M6SXJ6BVXE7VQNZ94JF3
2025-12-03T21:16:15.455+0700	DEBUG	Fetching details for alert ID 01KBJ8M6T5VMQTNE1JE35MYGQY
2025-12-03T21:16:15.843+0700	INFO	Stored 0 alert details
2025-12-03T21:16:19.564+0700	INFO	exit reason: interrupt
2025-12-03T21:16:19.564+0700	INFO	Closing Application
2025-12-03T21:16:19.564+0700	INFO	Waiting for all the processes to finish
2025-12-03T21:16:19.564+0700	WARN	http: Server closed
2025-12-03T21:16:19.564+0700	INFO	Application Closed
2025-12-03T21:16:19.564+0700	INFO	Bye!
2025-12-04T13:03:14.467+0700	INFO	Starting application
2025-12-04T13:03:14.467+0700	DEBUG	Connecting to database @localhost:3306
2025-12-04T13:03:14.477+0700	DEBUG	Running auto migration
2025-12-04T13:03:14.508+0700	INFO	Extending with Home Tidal Flood Warning
2025-12-04T13:03:14.508+0700	DEBUG	Running additional migrations
2025-12-04T13:03:14.533+0700	INFO	Starting periodic BMKG fetch (filtered for Kep. Riau) every 10m0s
2025-12-04T13:03:14.533+0700	INFO	Starting periodic tidal flood fetch every 5m0s
2025-12-04T13:03:14.533+0700	DEBUG	Fetching tidal flood data...
2025-12-04T13:03:14.533+0700	INFO	Synced 0 new tidal flood warnings
2025-12-04T13:03:14.533+0700	INFO	starting api server at :8000
2025-12-04T13:03:14.820+0700	INFO	Filtered 18 alerts to 1 alerts for province containing 'Kep. Riau'
2025-12-04T13:03:14.833+0700	INFO	Synced 0 new alerts from BMKG (filtered for Kep. Riau)
2025-12-04T13:03:14.833+0700	INFO	Fetching details for 1 alerts concurrently
2025-12-04T13:03:14.833+0700	DEBUG	Fetching details for alert ID 01KBKZ9HY2KGQ4B410373FK6Y5
2025-12-04T13:03:14.924+0700	INFO	Stored 0 alert details
2025-12-04T13:04:11.974+0700	INFO	exit reason: interrupt
2025-12-04T13:04:11.975+0700	INFO	Closing Application
2025-12-04T13:04:11.975+0700	INFO	Waiting for all the processes to finish
2025-12-04T13:04:11.975+0700	INFO	Stopping periodic BMKG fetch
2025-12-04T13:04:11.975+0700	INFO	Stopping periodic tidal flood fetch
2025-12-04T13:04:11.975+0700	WARN	http: Server closed
2025-12-04T13:04:11.976+0700	INFO	Application Closed
2025-12-04T13:04:11.976+0700	INFO	Bye!
